0 info it worked if it ends with ok
1 verbose cli [ '/usr/local/bin/node', '/usr/local/bin/npm', 'publish' ]
2 info using npm@3.10.10
3 info using node@v6.10.3
4 verbose publish [ '.' ]
5 silly cache add args [ '.', null ]
6 verbose cache add spec .
7 silly cache add parsed spec Result {
7 silly cache add   raw: '.',
7 silly cache add   scope: null,
7 silly cache add   escapedName: null,
7 silly cache add   name: null,
7 silly cache add   rawSpec: '.',
7 silly cache add   spec: '/Users/zhangjiayin/Documents/work/h5/nodestudy/easy_mongo',
7 silly cache add   type: 'directory' }
8 verbose addLocalDirectory /Users/zhangjiayin/.npm/excel2json/1.0.0/package.tgz not in flight; packing
9 verbose correctMkdir /Users/zhangjiayin/.npm correctMkdir not in flight; initializing
10 info lifecycle excel2json@1.0.0~prepublish: excel2json@1.0.0
11 silly lifecycle excel2json@1.0.0~prepublish: no script for prepublish, continuing
12 verbose tar pack [ '/Users/zhangjiayin/.npm/excel2json/1.0.0/package.tgz',
12 verbose tar pack   '/Users/zhangjiayin/Documents/work/h5/nodestudy/easy_mongo' ]
13 verbose tarball /Users/zhangjiayin/.npm/excel2json/1.0.0/package.tgz
14 verbose folder /Users/zhangjiayin/Documents/work/h5/nodestudy/easy_mongo
15 verbose addLocalTarball adding from inside cache /Users/zhangjiayin/.npm/excel2json/1.0.0/package.tgz
16 verbose correctMkdir /Users/zhangjiayin/.npm correctMkdir not in flight; initializing
17 silly cache afterAdd excel2json@1.0.0
18 verbose afterAdd /Users/zhangjiayin/.npm/excel2json/1.0.0/package/package.json not in flight; writing
19 verbose correctMkdir /Users/zhangjiayin/.npm correctMkdir not in flight; initializing
20 verbose afterAdd /Users/zhangjiayin/.npm/excel2json/1.0.0/package/package.json written
21 silly publish { name: 'excel2json',
21 silly publish   version: '1.0.0',
21 silly publish   description: '',
21 silly publish   main: 'excel2json.js',
21 silly publish   scripts: { test: 'excel2json' },
21 silly publish   repository:
21 silly publish    { type: 'git',
21 silly publish      url: 'git+https://github.com/jenny86/excel2json.git' },
21 silly publish   author: { name: 'jenny' },
21 silly publish   license: 'ISC',
21 silly publish   bugs: { url: 'https://github.com/jenny86/excel2json/issues' },
21 silly publish   homepage: 'https://github.com/jenny86/excel2json#readme',
21 silly publish   dependencies: { xlsx: '0.8.0' },
21 silly publish   readme: 'ERROR: No README data found!',
21 silly publish   _id: 'excel2json@1.0.0',
21 silly publish   _shasum: '67fbe93a15b4aa2378d1368875a5261bd07194a9',
21 silly publish   _from: '.' }
22 verbose getPublishConfig undefined
23 silly mapToRegistry name excel2json
24 silly mapToRegistry using default registry
25 silly mapToRegistry registry https://registry.npmjs.org/
26 silly mapToRegistry data Result {
26 silly mapToRegistry   raw: 'excel2json',
26 silly mapToRegistry   scope: null,
26 silly mapToRegistry   escapedName: 'excel2json',
26 silly mapToRegistry   name: 'excel2json',
26 silly mapToRegistry   rawSpec: '',
26 silly mapToRegistry   spec: 'latest',
26 silly mapToRegistry   type: 'tag' }
27 silly mapToRegistry uri https://registry.npmjs.org/excel2json
28 verbose publish registryBase https://registry.npmjs.org/
29 silly publish uploading /Users/zhangjiayin/.npm/excel2json/1.0.0/package.tgz
30 verbose request uri https://registry.npmjs.org/excel2json
31 verbose request sending authorization for write operation
32 info attempt registry request try #1 at 19:26:45
33 verbose request using bearer token for auth
34 verbose request id 3f66d1da952b87c7
35 http request PUT https://registry.npmjs.org/excel2json
36 http 403 https://registry.npmjs.org/excel2json
37 verbose headers { 'content-type': 'application/json',
37 verbose headers   'cache-control': 'max-age=300',
37 verbose headers   'content-length': '104',
37 verbose headers   'accept-ranges': 'bytes',
37 verbose headers   date: 'Thu, 25 May 2017 11:26:46 GMT',
37 verbose headers   via: '1.1 varnish',
37 verbose headers   connection: 'keep-alive',
37 verbose headers   'x-served-by': 'cache-hkg6824-HKG',
37 verbose headers   'x-cache': 'MISS',
37 verbose headers   'x-cache-hits': '0',
37 verbose headers   'x-timer': 'S1495711605.395341,VS0,VE621',
37 verbose headers   vary: 'Accept-Encoding' }
38 verbose request invalidating /Users/zhangjiayin/.npm/registry.npmjs.org/excel2json on PUT
39 error publish Failed PUT 403
40 verbose stack Error: you do not have permission to publish "excel2json". Are you logged in as the correct user? : excel2json
40 verbose stack     at makeError (/usr/local/lib/node_modules/npm/node_modules/npm-registry-client/lib/request.js:302:12)
40 verbose stack     at CachingRegistryClient.<anonymous> (/usr/local/lib/node_modules/npm/node_modules/npm-registry-client/lib/request.js:290:14)
40 verbose stack     at Request._callback (/usr/local/lib/node_modules/npm/node_modules/npm-registry-client/lib/request.js:210:14)
40 verbose stack     at Request.self.callback (/usr/local/lib/node_modules/npm/node_modules/request/request.js:187:22)
40 verbose stack     at emitTwo (events.js:106:13)
40 verbose stack     at Request.emit (events.js:191:7)
40 verbose stack     at Request.<anonymous> (/usr/local/lib/node_modules/npm/node_modules/request/request.js:1048:10)
40 verbose stack     at emitOne (events.js:96:13)
40 verbose stack     at Request.emit (events.js:188:7)
40 verbose stack     at IncomingMessage.<anonymous> (/usr/local/lib/node_modules/npm/node_modules/request/request.js:969:12)
41 verbose statusCode 403
42 verbose pkgid excel2json
43 verbose cwd /Users/zhangjiayin/Documents/work/h5/nodestudy/easy_mongo
44 error Darwin 15.0.0
45 error argv "/usr/local/bin/node" "/usr/local/bin/npm" "publish"
46 error node v6.10.3
47 error npm  v3.10.10
48 error code E403
49 error you do not have permission to publish "excel2json". Are you logged in as the correct user? : excel2json
50 error If you need help, you may report this error at:
50 error     <https://github.com/npm/npm/issues>
51 verbose exit [ 1, true ]
